[2023-03-19T12:28:37.543] [ERROR] error - {
  message: 'There was an error searching the document with the id New document was saved with the id: 64172a251b4184854482f10b: CastError: Cast to ObjectId failed for value "New document was saved with the id: 64172a251b4184854482f10b" (type string) at path "_id" for model "carts"'
}
[2023-03-19T12:28:52.006] [ERROR] error - {
  message: 'There was an error searching the document with the id New document was saved with the id: 64172a33ecf58b458a0c4149: CastError: Cast to ObjectId failed for value "New document was saved with the id: 64172a33ecf58b458a0c4149" (type string) at path "_id" for model "carts"'
}
[2023-03-19T14:59:20.205] [ERROR] error - {
  message: 'There was an error showing the documents: ReferenceError: convertToDto is not defined'
}
[2023-03-19T15:22:42.674] [ERROR] error - {
  message: 'There was an error searching the document with the id 63db1a09b4b952fb982cc096: ReferenceError: data is not defined'
}
[2023-03-19T15:23:00.156] [ERROR] error - {
  message: 'There was an error searching the document with the id 64172c43cba844a477f99cdf: ReferenceError: data is not defined'
}
[2023-03-20T14:11:43.513] [ERROR] error - {
  message: 'There was an error searching the document with the id profile: CastError: Cast to ObjectId failed for value "profile" (type string) at path "_id" for model "users"'
}
[2023-03-20T14:12:04.804] [ERROR] error - {
  message: 'There was an error searching the document with the id 63db1d742ab596af76f51134: ReferenceError: data is not defined'
}
[2023-03-20T14:23:47.362] [ERROR] error - {
  message: 'There was an error searching the document with the id 63db1d742ab596af76f51134: ReferenceError: data is not defined'
}
[2023-03-20T14:26:15.708] [ERROR] error - {
  message: 'There was an error searching the document with the id profile: CastError: Cast to ObjectId failed for value "profile" (type string) at path "_id" for model "users"'
}
[2023-03-20T14:27:44.977] [ERROR] error - {
  message: 'There was an error searching the document with the id profile: CastError: Cast to ObjectId failed for value "profile" (type string) at path "_id" for model "users"'
}
[2023-03-20T14:29:20.326] [ERROR] error - {
  message: 'There was an error searching the document with the id profile: CastError: Cast to ObjectId failed for value "profile" (type string) at path "_id" for model "users"'
}
[2023-03-20T14:29:51.376] [ERROR] error - {
  message: 'There was an error searching the document with the id logout: CastError: Cast to ObjectId failed for value "logout" (type string) at path "_id" for model "users"'
}
[2023-03-20T14:31:09.223] [ERROR] error - {
  message: 'There was an error searching the document with the id profile: CastError: Cast to ObjectId failed for value "profile" (type string) at path "_id" for model "users"'
}
[2023-03-20T14:32:23.014] [ERROR] error - {
  message: 'There was an error searching the document with the id profile: CastError: Cast to ObjectId failed for value "profile" (type string) at path "_id" for model "users"'
}
[2023-03-20T14:36:50.139] [ERROR] error - {
  message: 'There was an error searching the document with the id logout: CastError: Cast to ObjectId failed for value "logout" (type string) at path "_id" for model "users"'
}
[2023-03-20T14:39:33.094] [ERROR] error - {
  message: 'There was an error searching the document with the id logout: CastError: Cast to ObjectId failed for value "logout" (type string) at path "_id" for model "users"'
}
[2023-03-20T14:40:53.307] [ERROR] error - {
  message: 'There was an error searching the document with the id logout: CastError: Cast to ObjectId failed for value "logout" (type string) at path "_id" for model "users"'
}
[2023-03-20T14:41:35.741] [ERROR] error - {
  message: 'There was an error searching the document with the id logout: CastError: Cast to ObjectId failed for value "logout" (type string) at path "_id" for model "users"'
}
[2023-03-20T14:42:37.531] [ERROR] error - {
  message: 'There was an error searching the document with the id logout: CastError: Cast to ObjectId failed for value "logout" (type string) at path "_id" for model "users"'
}
[2023-03-20T14:42:48.110] [ERROR] error - {
  message: 'There was an error searching the document with the id logoutsss: CastError: Cast to ObjectId failed for value "logoutsss" (type string) at path "_id" for model "users"'
}
[2023-03-20T14:45:28.565] [ERROR] error - {
  message: 'There was an error searching the document with the id logout: CastError: Cast to ObjectId failed for value "logout" (type string) at path "_id" for model "users"'
}
[2023-03-20T14:45:48.139] [ERROR] error - {
  message: 'There was an error searching the document with the id profile: CastError: Cast to ObjectId failed for value "profile" (type string) at path "_id" for model "users"'
}
[2023-03-20T14:45:52.382] [ERROR] error - {
  message: 'There was an error searching the document with the id logout: CastError: Cast to ObjectId failed for value "logout" (type string) at path "_id" for model "users"'
}
[2023-03-20T14:45:56.286] [ERROR] error - {
  message: 'There was an error searching the document with the id profile: CastError: Cast to ObjectId failed for value "profile" (type string) at path "_id" for model "users"'
}
[2023-03-20T14:48:16.451] [ERROR] error - {
  message: 'There was an error searching the document with the id logout: CastError: Cast to ObjectId failed for value "logout" (type string) at path "_id" for model "users"'
}
[2023-03-20T14:56:32.532] [ERROR] error - {
  message: 'There was an error searching the document with the id logout: CastError: Cast to ObjectId failed for value "logout" (type string) at path "_id" for model "users"'
}
[2023-03-20T14:57:03.510] [ERROR] error - {
  message: 'There was an error searching the document with the id logout: CastError: Cast to ObjectId failed for value "logout" (type string) at path "_id" for model "users"'
}
[2023-03-20T15:28:08.874] [ERROR] error - {
  message: 'There was an error searching the document with the id logout: CastError: Cast to ObjectId failed for value "logout" (type string) at path "_id" for model "users"'
}
[2023-03-20T23:29:27.899] [ERROR] error - {
  message: 'There was an error searching the document with the id hola: CastError: Cast to ObjectId failed for value "hola" (type string) at path "_id" for model "users"'
}
[2023-03-20T23:31:12.908] [ERROR] error - {
  message: 'There was an error searching the document with the id profile: CastError: Cast to ObjectId failed for value "profile" (type string) at path "_id" for model "users"'
}
[2023-03-20T23:31:21.487] [ERROR] error - {
  message: 'There was an error searching the document with the id profile: CastError: Cast to ObjectId failed for value "profile" (type string) at path "_id" for model "users"'
}
[2023-03-20T23:31:23.723] [ERROR] error - {
  message: 'There was an error searching the document with the id profile: CastError: Cast to ObjectId failed for value "profile" (type string) at path "_id" for model "users"'
}
[2023-03-20T23:31:32.105] [ERROR] error - {
  message: 'There was an error searching the document with the id profile: CastError: Cast to ObjectId failed for value "profile" (type string) at path "_id" for model "users"'
}
[2023-03-20T23:35:16.865] [ERROR] error - {
  message: 'There was an error searching the document with the id hola: CastError: Cast to ObjectId failed for value "hola" (type string) at path "_id" for model "users"'
}
[2023-03-21T13:23:43.236] [ERROR] error - There was an error sending the mail Error: Invalid login: 535-5.7.8 Username and Password not accepted. Learn more at
535 5.7.8  https://support.google.com/mail/?p=BadCredentials w14-20020a056870b38e00b001723f29f6e2sm4407239oap.37 - gsmtp
    at SMTPConnection._formatError (C:\Users\fergu\OneDrive\Escritorio\Full Stack CoderHouse\04 Backend\Proyecto Back-end\03 entregable\node_modules\nodemailer\lib\smtp-connection\index.js:790:19)
    at SMTPConnection._actionAUTHComplete (C:\Users\fergu\OneDrive\Escritorio\Full Stack CoderHouse\04 Backend\Proyecto Back-end\03 entregable\node_modules\nodemailer\lib\smtp-connection\index.js:1548:34)
    at SMTPConnection.<anonymous> (C:\Users\fergu\OneDrive\Escritorio\Full Stack CoderHouse\04 Backend\Proyecto Back-end\03 entregable\node_modules\nodemailer\lib\smtp-connection\index.js:546:26)
    at SMTPConnection._processResponse (C:\Users\fergu\OneDrive\Escritorio\Full Stack CoderHouse\04 Backend\Proyecto Back-end\03 entregable\node_modules\nodemailer\lib\smtp-connection\index.js:953:20)
    at SMTPConnection._onData (C:\Users\fergu\OneDrive\Escritorio\Full Stack CoderHouse\04 Backend\Proyecto Back-end\03 entregable\node_modules\nodemailer\lib\smtp-connection\index.js:755:14)
    at TLSSocket.SMTPConnection._onSocketData (C:\Users\fergu\OneDrive\Escritorio\Full Stack CoderHouse\04 Backend\Proyecto Back-end\03 entregable\node_modules\nodemailer\lib\smtp-connection\index.js:193:44)
    at TLSSocket.emit (node:events:513:28)
    at addChunk (node:internal/streams/readable:315:12)
    at readableAddChunk (node:internal/streams/readable:289:9)
    at TLSSocket.Readable.push (node:internal/streams/readable:228:10) {
  code: 'EAUTH',
  response: '535-5.7.8 Username and Password not accepted. Learn more at\n' +
    '535 5.7.8  https://support.google.com/mail/?p=BadCredentials w14-20020a056870b38e00b001723f29f6e2sm4407239oap.37 - gsmtp',
  responseCode: 535,
  command: 'AUTH PLAIN'
}
[2023-03-21T13:27:44.598] [ERROR] error - There was an error sending the mail Error: Invalid login: 535-5.7.8 Username and Password not accepted. Learn more at
535 5.7.8  https://support.google.com/mail/?p=BadCredentials p185-20020acabfc2000000b00386e0bb0153sm4099427oif.7 - gsmtp
    at SMTPConnection._formatError (C:\Users\fergu\OneDrive\Escritorio\Full Stack CoderHouse\04 Backend\Proyecto Back-end\03 entregable\node_modules\nodemailer\lib\smtp-connection\index.js:790:19)
    at SMTPConnection._actionAUTHComplete (C:\Users\fergu\OneDrive\Escritorio\Full Stack CoderHouse\04 Backend\Proyecto Back-end\03 entregable\node_modules\nodemailer\lib\smtp-connection\index.js:1548:34)
    at SMTPConnection.<anonymous> (C:\Users\fergu\OneDrive\Escritorio\Full Stack CoderHouse\04 Backend\Proyecto Back-end\03 entregable\node_modules\nodemailer\lib\smtp-connection\index.js:546:26)
    at SMTPConnection._processResponse (C:\Users\fergu\OneDrive\Escritorio\Full Stack CoderHouse\04 Backend\Proyecto Back-end\03 entregable\node_modules\nodemailer\lib\smtp-connection\index.js:953:20)
    at SMTPConnection._onData (C:\Users\fergu\OneDrive\Escritorio\Full Stack CoderHouse\04 Backend\Proyecto Back-end\03 entregable\node_modules\nodemailer\lib\smtp-connection\index.js:755:14)
    at TLSSocket.SMTPConnection._onSocketData (C:\Users\fergu\OneDrive\Escritorio\Full Stack CoderHouse\04 Backend\Proyecto Back-end\03 entregable\node_modules\nodemailer\lib\smtp-connection\index.js:193:44)
    at TLSSocket.emit (node:events:513:28)
    at addChunk (node:internal/streams/readable:315:12)
    at readableAddChunk (node:internal/streams/readable:289:9)
    at TLSSocket.Readable.push (node:internal/streams/readable:228:10) {
  code: 'EAUTH',
  response: '535-5.7.8 Username and Password not accepted. Learn more at\n' +
    '535 5.7.8  https://support.google.com/mail/?p=BadCredentials p185-20020acabfc2000000b00386e0bb0153sm4099427oif.7 - gsmtp',
  responseCode: 535,
  command: 'AUTH PLAIN'
}
[2023-03-21T14:12:21.844] [ERROR] error - { message: 'There was an error: null' }
[2023-03-21T14:12:29.650] [ERROR] error - { message: 'There was an error: null' }
[2023-03-21T14:12:52.913] [ERROR] error - { message: 'There was an error: null' }
[2023-03-21T14:12:55.746] [ERROR] error - { message: 'There was an error: null' }
[2023-03-21T14:13:03.729] [ERROR] error - { message: 'There was an error: null' }
[2023-03-21T14:13:03.830] [ERROR] error - { message: 'There was an error: undefined' }
[2023-03-21T14:14:00.695] [ERROR] error - { message: 'There was an error: null' }
[2023-03-21T14:14:28.314] [ERROR] error - { message: 'There was an error: null' }
[2023-03-21T14:14:30.282] [ERROR] error - { message: 'There was an error: null' }
[2023-03-21T14:14:59.374] [ERROR] error - { message: 'There was an error: null' }
[2023-03-21T14:15:18.070] [ERROR] error - { message: 'There was an error: null' }
[2023-03-21T14:15:27.522] [ERROR] error - { message: 'There was an error: null' }
[2023-03-21T14:15:40.631] [ERROR] error - { message: 'There was an error: null' }
[2023-03-21T14:16:01.589] [ERROR] error - { message: 'There was an error: null' }
[2023-03-21T14:16:16.274] [ERROR] error - { message: 'There was an error: null' }
[2023-03-21T14:16:43.011] [ERROR] error - { message: 'There was an error: null' }
[2023-03-21T14:17:00.104] [ERROR] error - { message: 'There was an error: null' }
[2023-03-21T14:18:02.267] [ERROR] error - { message: 'There was an error: null' }
[2023-03-21T14:18:02.351] [ERROR] error - { message: 'There was an error: undefined' }
